* Starting client
* Connecting to master process on port 16038
* Analyzing classpath: 
  - /Users/hieu/Library/CloudStorage/OneDrive-Personal/Studium/Seminar Machine Learning in Software Engineering/ExampleProject/EvoSuiteExample/target/test-classes
  - /Users/hieu/Library/CloudStorage/OneDrive-Personal/Studium/Seminar Machine Learning in Software Engineering/ExampleProject/EvoSuiteExample/target/classes
  - /Users/hieu/.m2/repository/junit/junit/4.13.1/junit-4.13.1.jar
  - /Users/hieu/.m2/repository/org/hamcrest/hamcrest-core/1.3/hamcrest-core-1.3.jar
* Finished analyzing classpath
* Generating tests for class org.example.sorting.MergeSort
* Test criteria:
  - Line Coverage
  - Branch Coverage
  - Exception
  - Mutation testing (weak)
  - Method-Output Coverage
  - Top-Level Method Coverage
  - No-Exception Top-Level Method Coverage
  - Context Branch Coverage
* Setting up search algorithm for whole suite generation
[MASTER] 07:23:40.915 [pool-2-thread-1] WARN  TestSuiteSerialization - Cannot load tests because file does not exist: /Users/hieu/Library/CloudStorage/OneDrive-Personal/Studium/Seminar Machine Learning in Software Engineering/ExampleProject/EvoSuiteExample/.evosuite/evosuite-seeds/org.example.sorting.MergeSort.seed
* Loaded 0 tests from /Users/hieu/Library/CloudStorage/OneDrive-Personal/Studium/Seminar Machine Learning in Software Engineering/ExampleProject/EvoSuiteExample/.evosuite/evosuite-seeds/org.example.sorting.MergeSort.seed
* Total number of test goals: 
  - Line 24
  - Branch 17
  - Exception 0
  - MutationFactory 347
  - Output 0
  - Method 3
  - MethodNoException 3
  - CBranchFitnessFactory 17
* Using seed 1721798618517
* Starting evolution
* Search finished after 92s and 660 generations, 193694 statements, best individual has fitness: 1.2
* Writing sequences to pool
* Minimizing test suite
* Going to analyze the coverage criteria
* Coverage analysis for criterion LINE
* Coverage of criterion LINE: 100%
* Total number of goals: 24
* Number of covered goals: 24
* Coverage analysis for criterion BRANCH
* Coverage of criterion BRANCH: 100%
* Total number of goals: 17
* Number of covered goals: 17
* Coverage analysis for criterion EXCEPTION
* Coverage of criterion EXCEPTION: 100%
* Total number of goals: 4
* Number of covered goals: 4
* Coverage analysis for criterion WEAKMUTATION
* Coverage of criterion WEAKMUTATION: 99%
* Total number of goals: 347
* Number of covered goals: 345
* Coverage analysis for criterion OUTPUT
* Coverage of criterion OUTPUT: 100% (no goals)
* Coverage analysis for criterion METHOD
* Coverage of criterion METHOD: 100%
* Total number of goals: 3
* Number of covered goals: 3
* Coverage analysis for criterion METHODNOEXCEPTION
* Coverage of criterion METHODNOEXCEPTION: 100%
* Total number of goals: 3
* Number of covered goals: 3
* Coverage analysis for criterion CBRANCH
* Coverage of criterion CBRANCH: 100%
* Total number of goals: 17
* Number of covered goals: 17
* Generated 12 tests with total length 28
* Resulting test suite's coverage: 100% (average coverage for all fitness functions)
* Generating assertions
* Resulting test suite's mutation score: 25%
* Compiling and checking tests
* Writing JUnit test case 'MergeSort_ESTest' to /Users/hieu/Library/CloudStorage/OneDrive-Personal/Studium/Seminar Machine Learning in Software Engineering/ExampleProject/EvoSuiteExample/.evosuite/tmp_2024_07_24_07_21_41/tests
* Done!

