* Starting client
* Connecting to master process on port 2668
* Analyzing classpath: 
  - /Users/hieu/Library/CloudStorage/OneDrive-Personal/Studium/Seminar Machine Learning in Software Engineering/ExampleProject/EvoSuiteExample/target/test-classes
  - /Users/hieu/Library/CloudStorage/OneDrive-Personal/Studium/Seminar Machine Learning in Software Engineering/ExampleProject/EvoSuiteExample/target/classes
  - /Users/hieu/.m2/repository/junit/junit/4.13.1/junit-4.13.1.jar
  - /Users/hieu/.m2/repository/org/hamcrest/hamcrest-core/1.3/hamcrest-core-1.3.jar
* Finished analyzing classpath
* Generating tests for class org.example.WhichPath
* Test criteria:
  - Line Coverage
  - Branch Coverage
  - Exception
  - Mutation testing (weak)
  - Method-Output Coverage
  - Top-Level Method Coverage
  - No-Exception Top-Level Method Coverage
  - Context Branch Coverage
* Setting up search algorithm for whole suite generation
[MASTER] 07:21:47.568 [pool-2-thread-1] WARN  TestSuiteSerialization - Cannot load tests because file does not exist: /Users/hieu/Library/CloudStorage/OneDrive-Personal/Studium/Seminar Machine Learning in Software Engineering/ExampleProject/EvoSuiteExample/.evosuite/evosuite-seeds/org.example.WhichPath.seed
* Loaded 0 tests from /Users/hieu/Library/CloudStorage/OneDrive-Personal/Studium/Seminar Machine Learning in Software Engineering/ExampleProject/EvoSuiteExample/.evosuite/evosuite-seeds/org.example.WhichPath.seed
* Total number of test goals: 
  - Line 18
  - Branch 19
  - Exception 0
  - MutationFactory 116
  - Output 3
  - Method 2
  - MethodNoException 2
  - CBranchFitnessFactory 19
* Using seed 1721798504944
* Starting evolution
* Search finished after 100s and 1679 generations, 562302 statements, best individual has fitness: 4.0
* Writing sequences to pool
* Minimizing test suite
* Going to analyze the coverage criteria
* Coverage analysis for criterion LINE
* Coverage of criterion LINE: 100%
* Total number of goals: 18
* Number of covered goals: 18
* Coverage analysis for criterion BRANCH
* Coverage of criterion BRANCH: 100%
* Total number of goals: 19
* Number of covered goals: 19
* Coverage analysis for criterion EXCEPTION
* Coverage of criterion EXCEPTION: 100% (no goals)
* Coverage analysis for criterion WEAKMUTATION
* Coverage of criterion WEAKMUTATION: 98%
* Total number of goals: 116
* Number of covered goals: 114
* Coverage analysis for criterion OUTPUT
* Coverage of criterion OUTPUT: 33%
* Total number of goals: 3
* Number of covered goals: 1
* Coverage analysis for criterion METHOD
* Coverage of criterion METHOD: 100%
* Total number of goals: 2
* Number of covered goals: 2
* Coverage analysis for criterion METHODNOEXCEPTION
* Coverage of criterion METHODNOEXCEPTION: 100%
* Total number of goals: 2
* Number of covered goals: 2
* Coverage analysis for criterion CBRANCH
* Coverage of criterion CBRANCH: 100%
* Total number of goals: 19
* Number of covered goals: 19
* Generated 14 tests with total length 14
* Resulting test suite's coverage: 91% (average coverage for all fitness functions)
* Generating assertions
* Resulting test suite's mutation score: 85%
* Compiling and checking tests
* Writing JUnit test case 'WhichPath_ESTest' to /Users/hieu/Library/CloudStorage/OneDrive-Personal/Studium/Seminar Machine Learning in Software Engineering/ExampleProject/EvoSuiteExample/.evosuite/tmp_2024_07_24_07_21_41/tests
* Done!

